# JRE version: Java(TM) SE Runtime Environment (8.0_66-b18) (build 1.8.0_66-b18)
# Java VM: Java HotSpot(TM) 64-Bit Server VM (25.66-b18 mixed mode windows-amd64 compressed oops)
Heap:
 PSYoungGen      total 213504K, used 132643K [0x00000000d5b00000, 0x00000000e7f00000, 0x0000000100000000)
  eden space 199680K, 66% used [0x00000000d5b00000,0x00000000ddc88f50,0x00000000e1e00000)
  from space 13824K, 0% used [0x00000000e1e00000,0x00000000e1e00000,0x00000000e2b80000)
  to   space 17920K, 0% used [0x00000000e6d80000,0x00000000e6d80000,0x00000000e7f00000)
 ParOldGen       total 110080K, used 31789K [0x0000000081000000, 0x0000000087b80000, 0x00000000d5b00000)
  object space 110080K, 28% used [0x0000000081000000,0x0000000082f0b730,0x0000000087b80000)
 Metaspace       used 65031K, capacity 67832K, committed 68136K, reserved 1107968K
  class space    used 8747K, capacity 9225K, committed 9256K, reserved 1048576K
GC Heap History (10 events):
Event: 2.163 GC heap before
{Heap before GC invocations=8 (full 1):
 PSYoungGen      total 125952K, used 88833K [0x00000000d5b00000, 0x00000000dee00000, 0x0000000100000000)
  eden space 117248K, 68% used [0x00000000d5b00000,0x00000000da999da0,0x00000000dcd80000)
  from space 8704K, 95% used [0x00000000de580000,0x00000000deda68a0,0x00000000dee00000)
  to   space 9728K, 0% used [0x00000000ddb00000,0x00000000ddb00000,0x00000000de480000)
 ParOldGen       total 49152K, used 5258K [0x0000000081000000, 0x0000000084000000, 0x00000000d5b00000)
  object space 49152K, 10% used [0x0000000081000000,0x0000000081522910,0x0000000084000000)
 Metaspace       used 33931K, capacity 35358K, committed 35496K, reserved 1079296K
  class space    used 4389K, capacity 4658K, committed 4776K, reserved 1048576K
Event: 2.173 GC heap after
Heap after GC invocations=8 (full 1):
 PSYoungGen      total 140800K, used 9726K [0x00000000d5b00000, 0x00000000e3780000, 0x0000000100000000)
  eden space 131072K, 0% used [0x00000000d5b00000,0x00000000d5b00000,0x00000000ddb00000)
  from space 9728K, 99% used [0x00000000ddb00000,0x00000000de47f898,0x00000000de480000)
  to   space 12288K, 0% used [0x00000000e2b80000,0x00000000e2b80000,0x00000000e3780000)
 ParOldGen       total 49152K, used 8570K [0x0000000081000000, 0x0000000084000000, 0x00000000d5b00000)
  object space 49152K, 17% used [0x0000000081000000,0x000000008185e828,0x0000000084000000)
 Metaspace       used 33931K, capacity 35358K, committed 35496K, reserved 1079296K
  class space    used 4389K, capacity 4658K, committed 4776K, reserved 1048576K
}
Event: 2.173 GC heap before
{Heap before GC invocations=9 (full 2):
 PSYoungGen      total 140800K, used 9726K [0x00000000d5b00000, 0x00000000e3780000, 0x0000000100000000)
  eden space 131072K, 0% used [0x00000000d5b00000,0x00000000d5b00000,0x00000000ddb00000)
  from space 9728K, 99% used [0x00000000ddb00000,0x00000000de47f898,0x00000000de480000)
  to   space 12288K, 0% used [0x00000000e2b80000,0x00000000e2b80000,0x00000000e3780000)
 ParOldGen       total 49152K, used 8570K [0x0000000081000000, 0x0000000084000000, 0x00000000d5b00000)
  object space 49152K, 17% used [0x0000000081000000,0x000000008185e828,0x0000000084000000)
 Metaspace       used 33931K, capacity 35358K, committed 35496K, reserved 1079296K
  class space    used 4389K, capacity 4658K, committed 4776K, reserved 1048576K
Event: 2.227 GC heap after
Heap after GC invocations=9 (full 2):
 PSYoungGen      total 140800K, used 0K [0x00000000d5b00000, 0x00000000e3780000, 0x0000000100000000)
  eden space 131072K, 0% used [0x00000000d5b00000,0x00000000d5b00000,0x00000000ddb00000)
  from space 9728K, 0% used [0x00000000ddb00000,0x00000000ddb00000,0x00000000de480000)
  to   space 12288K, 0% used [0x00000000e2b80000,0x00000000e2b80000,0x00000000e3780000)
 ParOldGen       total 77312K, used 17086K [0x0000000081000000, 0x0000000085b80000, 0x00000000d5b00000)
  object space 77312K, 22% used [0x0000000081000000,0x00000000820afa30,0x0000000085b80000)
 Metaspace       used 33931K, capacity 35358K, committed 35496K, reserved 1079296K
  class space    used 4389K, capacity 4658K, committed 4776K, reserved 1048576K
}
Event: 2.908 GC heap before
{Heap before GC invocations=10 (full 2):
 PSYoungGen      total 140800K, used 131072K [0x00000000d5b00000, 0x00000000e3780000, 0x0000000100000000)
  eden space 131072K, 100% used [0x00000000d5b00000,0x00000000ddb00000,0x00000000ddb00000)
  from space 9728K, 0% used [0x00000000ddb00000,0x00000000ddb00000,0x00000000de480000)
  to   space 12288K, 0% used [0x00000000e2b80000,0x00000000e2b80000,0x00000000e3780000)
 ParOldGen       total 77312K, used 17086K [0x0000000081000000, 0x0000000085b80000, 0x00000000d5b00000)
  object space 77312K, 22% used [0x0000000081000000,0x00000000820afa30,0x0000000085b80000)
 Metaspace       used 43347K, capacity 45018K, committed 45352K, reserved 1089536K
  class space    used 5544K, capacity 5852K, committed 5928K, reserved 1048576K
Event: 2.918 GC heap after
Heap after GC invocations=10 (full 2):
 PSYoungGen      total 211968K, used 11940K [0x00000000d5b00000, 0x00000000e4100000, 0x0000000100000000)
  eden space 199680K, 0% used [0x00000000d5b00000,0x00000000d5b00000,0x00000000e1e00000)
  from space 12288K, 97% used [0x00000000e2b80000,0x00000000e37291b8,0x00000000e3780000)
  to   space 13824K, 0% used [0x00000000e1e00000,0x00000000e1e00000,0x00000000e2b80000)
 ParOldGen       total 77312K, used 17094K [0x0000000081000000, 0x0000000085b80000, 0x00000000d5b00000)
  object space 77312K, 22% used [0x0000000081000000,0x00000000820b1a30,0x0000000085b80000)
 Metaspace       used 43347K, capacity 45018K, committed 45352K, reserved 1089536K
  class space    used 5544K, capacity 5852K, committed 5928K, reserved 1048576K
}
Event: 4.255 GC heap before
{Heap before GC invocations=11 (full 2):
 PSYoungGen      total 211968K, used 149929K [0x00000000d5b00000, 0x00000000e4100000, 0x0000000100000000)
  eden space 199680K, 69% used [0x00000000d5b00000,0x00000000de1c1590,0x00000000e1e00000)
  from space 12288K, 97% used [0x00000000e2b80000,0x00000000e37291b8,0x00000000e3780000)
  to   space 13824K, 0% used [0x00000000e1e00000,0x00000000e1e00000,0x00000000e2b80000)
 ParOldGen       total 77312K, used 17094K [0x0000000081000000, 0x0000000085b80000, 0x00000000d5b00000)
  object space 77312K, 22% used [0x0000000081000000,0x00000000820b1a30,0x0000000085b80000)
 Metaspace       used 56916K, capacity 59084K, committed 59160K, reserved 1099776K
  class space    used 7680K, capacity 8085K, committed 8104K, reserved 1048576K
Event: 4.268 GC heap after
Heap after GC invocations=11 (full 2):
 PSYoungGen      total 213504K, used 13798K [0x00000000d5b00000, 0x00000000e7f00000, 0x0000000100000000)
  eden space 199680K, 0% used [0x00000000d5b00000,0x00000000d5b00000,0x00000000e1e00000)
  from space 13824K, 99% used [0x00000000e1e00000,0x00000000e2b79888,0x00000000e2b80000)
  to   space 17920K, 0% used [0x00000000e6d80000,0x00000000e6d80000,0x00000000e7f00000)
 ParOldGen       total 77312K, used 23815K [0x0000000081000000, 0x0000000085b80000, 0x00000000d5b00000)
  object space 77312K, 30% used [0x0000000081000000,0x0000000082741e10,0x0000000085b80000)
 Metaspace       used 56916K, capacity 59084K, committed 59160K, reserved 1099776K
  class space    used 7680K, capacity 8085K, committed 8104K, reserved 1048576K
}
Event: 4.268 GC heap before
{Heap before GC invocations=12 (full 3):
 PSYoungGen      total 213504K, used 13798K [0x00000000d5b00000, 0x00000000e7f00000, 0x0000000100000000)
  eden space 199680K, 0% used [0x00000000d5b00000,0x00000000d5b00000,0x00000000e1e00000)
  from space 13824K, 99% used [0x00000000e1e00000,0x00000000e2b79888,0x00000000e2b80000)
  to   space 17920K, 0% used [0x00000000e6d80000,0x00000000e6d80000,0x00000000e7f00000)
 ParOldGen       total 77312K, used 23815K [0x0000000081000000, 0x0000000085b80000, 0x00000000d5b00000)
  object space 77312K, 30% used [0x0000000081000000,0x0000000082741e10,0x0000000085b80000)
 Metaspace       used 56916K, capacity 59084K, committed 59160K, reserved 1099776K
  class space    used 7680K, capacity 8085K, committed 8104K, reserved 1048576K
Event: 4.344 GC heap after
Heap after GC invocations=12 (full 3):
 PSYoungGen      total 213504K, used 0K [0x00000000d5b00000, 0x00000000e7f00000, 0x0000000100000000)
  eden space 199680K, 0% used [0x00000000d5b00000,0x00000000d5b00000,0x00000000e1e00000)
  from space 13824K, 0% used [0x00000000e1e00000,0x00000000e1e00000,0x00000000e2b80000)
  to   space 17920K, 0% used [0x00000000e6d80000,0x00000000e6d80000,0x00000000e7f00000)
 ParOldGen       total 110080K, used 31789K [0x0000000081000000, 0x0000000087b80000, 0x00000000d5b00000)
  object space 110080K, 28% used [0x0000000081000000,0x0000000082f0b730,0x0000000087b80000)
 Metaspace       used 56916K, capacity 59084K, committed 59160K, reserved 1099776K
  class space    used 7680K, capacity 8085K, committed 8104K, reserved 1048576K
}

